# JRE version: OpenJDK Runtime Environment (8.0_45-b14) (build 1.8.0_45-internal-b14)
# Java VM: OpenJDK 64-Bit Server VM (25.45-b02 mixed mode linux-amd64 compressed oops)
Heap:
 PSYoungGen      total 261632K, used 15340K [0x00000000eab00000, 0x00000000fbc00000, 0x0000000100000000)
  eden space 246272K, 0% used [0x00000000eab00000,0x00000000eab00000,0x00000000f9b80000)
  from space 15360K, 99% used [0x00000000f9b80000,0x00000000faa7b0f0,0x00000000faa80000)
  to   space 9216K, 0% used [0x00000000faa80000,0x00000000faa80000,0x00000000fb380000)
 ParOldGen       total 69632K, used 34903K [0x00000000c0000000, 0x00000000c4400000, 0x00000000eab00000)
  object space 69632K, 50% used [0x00000000c0000000,0x00000000c2215eb0,0x00000000c4400000)
 Metaspace       used 39945K, capacity 41314K, committed 41472K, reserved 1085440K
  class space    used 5301K, capacity 5845K, committed 5888K, reserved 1048576K
GC Heap History (10 events):
Event: 6.549 GC heap after
Heap after GC invocations=8 (full 1):
 PSYoungGen      total 129024K, used 1864K [0x00000000eab00000, 0x00000000f7100000, 0x0000000100000000)
  eden space 119808K, 0% used [0x00000000eab00000,0x00000000eab00000,0x00000000f2000000)
  from space 9216K, 20% used [0x00000000f2000000,0x00000000f21d2100,0x00000000f2900000)
  to   space 9216K, 0% used [0x00000000f6800000,0x00000000f6800000,0x00000000f7100000)
 ParOldGen       total 35328K, used 8797K [0x00000000c0000000, 0x00000000c2280000, 0x00000000eab00000)
  object space 35328K, 24% used [0x00000000c0000000,0x00000000c0897750,0x00000000c2280000)
 Metaspace       used 21950K, capacity 22566K, committed 22784K, reserved 1069056K
  class space    used 2816K, capacity 3036K, committed 3072K, reserved 1048576K
}
Event: 7.050 GC heap before
{Heap before GC invocations=9 (full 1):
 PSYoungGen      total 129024K, used 121672K [0x00000000eab00000, 0x00000000f7100000, 0x0000000100000000)
  eden space 119808K, 100% used [0x00000000eab00000,0x00000000f2000000,0x00000000f2000000)
  from space 9216K, 20% used [0x00000000f2000000,0x00000000f21d2100,0x00000000f2900000)
  to   space 9216K, 0% used [0x00000000f6800000,0x00000000f6800000,0x00000000f7100000)
 ParOldGen       total 35328K, used 8797K [0x00000000c0000000, 0x00000000c2280000, 0x00000000eab00000)
  object space 35328K, 24% used [0x00000000c0000000,0x00000000c0897750,0x00000000c2280000)
 Metaspace       used 21968K, capacity 22566K, committed 22784K, reserved 1069056K
  class space    used 2817K, capacity 3036K, committed 3072K, reserved 1048576K
Event: 7.055 GC heap after
Heap after GC invocations=9 (full 1):
 PSYoungGen      total 193536K, used 2200K [0x00000000eab00000, 0x00000000f7e00000, 0x0000000100000000)
  eden space 184320K, 0% used [0x00000000eab00000,0x00000000eab00000,0x00000000f5f00000)
  from space 9216K, 23% used [0x00000000f6800000,0x00000000f6a260f0,0x00000000f7100000)
  to   space 9216K, 0% used [0x00000000f5f00000,0x00000000f5f00000,0x00000000f6800000)
 ParOldGen       total 35328K, used 8805K [0x00000000c0000000, 0x00000000c2280000, 0x00000000eab00000)
  object space 35328K, 24% used [0x00000000c0000000,0x00000000c0899750,0x00000000c2280000)
 Metaspace       used 21968K, capacity 22566K, committed 22784K, reserved 1069056K
  class space    used 2817K, capacity 3036K, committed 3072K, reserved 1048576K
}
Event: 8.269 GC heap before
{Heap before GC invocations=10 (full 1):
 PSYoungGen      total 193536K, used 186520K [0x00000000eab00000, 0x00000000f7e00000, 0x0000000100000000)
  eden space 184320K, 100% used [0x00000000eab00000,0x00000000f5f00000,0x00000000f5f00000)
  from space 9216K, 23% used [0x00000000f6800000,0x00000000f6a260f0,0x00000000f7100000)
  to   space 9216K, 0% used [0x00000000f5f00000,0x00000000f5f00000,0x00000000f6800000)
 ParOldGen       total 35328K, used 8805K [0x00000000c0000000, 0x00000000c2280000, 0x00000000eab00000)
  object space 35328K, 24% used [0x00000000c0000000,0x00000000c0899750,0x00000000c2280000)
 Metaspace       used 23631K, capacity 24372K, committed 24576K, reserved 1071104K
  class space    used 2982K, capacity 3245K, committed 3328K, reserved 1048576K
Event: 8.281 GC heap after
Heap after GC invocations=10 (full 1):
 PSYoungGen      total 193536K, used 5733K [0x00000000eab00000, 0x00000000fb380000, 0x0000000100000000)
  eden space 184320K, 0% used [0x00000000eab00000,0x00000000eab00000,0x00000000f5f00000)
  from space 9216K, 62% used [0x00000000f5f00000,0x00000000f6499510,0x00000000f6800000)
  to   space 9216K, 0% used [0x00000000faa80000,0x00000000faa80000,0x00000000fb380000)
 ParOldGen       total 35328K, used 9910K [0x00000000c0000000, 0x00000000c2280000, 0x00000000eab00000)
  object space 35328K, 28% used [0x00000000c0000000,0x00000000c09ad8a0,0x00000000c2280000)
 Metaspace       used 23631K, capacity 24372K, committed 24576K, reserved 1071104K
  class space    used 2982K, capacity 3245K, committed 3328K, reserved 1048576K
}
Event: 13.819 GC heap before
{Heap before GC invocations=11 (full 1):
 PSYoungGen      total 193536K, used 189825K [0x00000000eab00000, 0x00000000fb380000, 0x0000000100000000)
  eden space 184320K, 99% used [0x00000000eab00000,0x00000000f5ec7280,0x00000000f5f00000)
  from space 9216K, 62% used [0x00000000f5f00000,0x00000000f6499510,0x00000000f6800000)
  to   space 9216K, 0% used [0x00000000faa80000,0x00000000faa80000,0x00000000fb380000)
 ParOldGen       total 35328K, used 9910K [0x00000000c0000000, 0x00000000c2280000, 0x00000000eab00000)
  object space 35328K, 28% used [0x00000000c0000000,0x00000000c09ad8a0,0x00000000c2280000)
 Metaspace       used 34133K, capacity 35376K, committed 35456K, reserved 1079296K
  class space    used 4439K, capacity 4942K, committed 4992K, reserved 1048576K
Event: 13.870 GC heap after
Heap after GC invocations=11 (full 1):
 PSYoungGen      total 255488K, used 9200K [0x00000000eab00000, 0x00000000fbc00000, 0x0000000100000000)
  eden space 246272K, 0% used [0x00000000eab00000,0x00000000eab00000,0x00000000f9b80000)
  from space 9216K, 99% used [0x00000000faa80000,0x00000000fb37c020,0x00000000fb380000)
  to   space 15360K, 0% used [0x00000000f9b80000,0x00000000f9b80000,0x00000000faa80000)
 ParOldGen       total 35328K, used 23220K [0x00000000c0000000, 0x00000000c2280000, 0x00000000eab00000)
  object space 35328K, 65% used [0x00000000c0000000,0x00000000c16ad020,0x00000000c2280000)
 Metaspace       used 34133K, capacity 35376K, committed 35456K, reserved 1079296K
  class space    used 4439K, capacity 4942K, committed 4992K, reserved 1048576K
}
Event: 13.870 GC heap before
{Heap before GC invocations=12 (full 2):
 PSYoungGen      total 255488K, used 9200K [0x00000000eab00000, 0x00000000fbc00000, 0x0000000100000000)
  eden space 246272K, 0% used [0x00000000eab00000,0x00000000eab00000,0x00000000f9b80000)
  from space 9216K, 99% used [0x00000000faa80000,0x00000000fb37c020,0x00000000fb380000)
  to   space 15360K, 0% used [0x00000000f9b80000,0x00000000f9b80000,0x00000000faa80000)
 ParOldGen       total 35328K, used 23220K [0x00000000c0000000, 0x00000000c2280000, 0x00000000eab00000)
  object space 35328K, 65% used [0x00000000c0000000,0x00000000c16ad020,0x00000000c2280000)
 Metaspace       used 34133K, capacity 35376K, committed 35456K, reserved 1079296K
  class space    used 4439K, capacity 4942K, committed 4992K, reserved 1048576K
Event: 14.035 GC heap after
Heap after GC invocations=12 (full 2):
 PSYoungGen      total 255488K, used 0K [0x00000000eab00000, 0x00000000fbc00000, 0x0000000100000000)
  eden space 246272K, 0% used [0x00000000eab00000,0x00000000eab00000,0x00000000f9b80000)
  from space 9216K, 0% used [0x00000000faa80000,0x00000000faa80000,0x00000000fb380000)
  to   space 15360K, 0% used [0x00000000f9b80000,0x00000000f9b80000,0x00000000faa80000)
 ParOldGen       total 69632K, used 29472K [0x00000000c0000000, 0x00000000c4400000, 0x00000000eab00000)
  object space 69632K, 42% used [0x00000000c0000000,0x00000000c1cc8240,0x00000000c4400000)
 Metaspace       used 34133K, capacity 35376K, committed 35456K, reserved 1079296K
  class space    used 4439K, capacity 4942K, committed 4992K, reserved 1048576K
}
Event: 20.800 GC heap before
{Heap before GC invocations=13 (full 2):
 PSYoungGen      total 255488K, used 246272K [0x00000000eab00000, 0x00000000fbc00000, 0x0000000100000000)
  eden space 246272K, 100% used [0x00000000eab00000,0x00000000f9b80000,0x00000000f9b80000)
  from space 9216K, 0% used [0x00000000faa80000,0x00000000faa80000,0x00000000fb380000)
  to   space 15360K, 0% used [0x00000000f9b80000,0x00000000f9b80000,0x00000000faa80000)
 ParOldGen       total 69632K, used 29472K [0x00000000c0000000, 0x00000000c4400000, 0x00000000eab00000)
  object space 69632K, 42% used [0x00000000c0000000,0x00000000c1cc8240,0x00000000c4400000)
 Metaspace       used 39945K, capacity 41314K, committed 41472K, reserved 1085440K
  class space    used 5301K, capacity 5845K, committed 5888K, reserved 1048576K

